<?xml version="1.0" encoding="UTF-8"?>
<testng-results skipped="0" failed="0" ignored="0" total="1" passed="1">
  <reporter-output>
  </reporter-output>
  <suite name="Suite" duration-ms="173231" started-at="2020-09-20T07:24:49Z" finished-at="2020-09-20T07:27:42Z">
    <groups>
    </groups>
    <test name="Test" duration-ms="173231" started-at="2020-09-20T07:24:49Z" finished-at="2020-09-20T07:27:42Z">
      <class name="fb.opening">
        <test-method status="PASS" signature="logintoActime()[pri:0, instance:fb.opening@edf4efb]" name="logintoActime" duration-ms="173118" started-at="2020-09-20T07:24:49Z" finished-at="2020-09-20T07:27:42Z">
          <reporter-output>
          </reporter-output>
        </test-method> <!-- logintoActime -->
      </class> <!-- fb.opening -->
    </test> <!-- Test -->
  </suite> <!-- Suite -->
</testng-results>
