<?xml version="1.0" encoding="UTF-8"?>
<testng-results skipped="0" failed="0" ignored="0" total="1" passed="1">
  <reporter-output>
  </reporter-output>
  <suite name="Default suite" duration-ms="145973" started-at="2020-09-20T07:21:03Z" finished-at="2020-09-20T07:23:29Z">
    <groups>
    </groups>
    <test name="Default test" duration-ms="145973" started-at="2020-09-20T07:21:03Z" finished-at="2020-09-20T07:23:29Z">
      <class name="fb.opening">
        <test-method status="PASS" signature="logintoActime()[pri:0, instance:fb.opening@224edc67]" name="logintoActime" duration-ms="145888" started-at="2020-09-20T07:21:03Z" finished-at="2020-09-20T07:23:29Z">
          <reporter-output>
          </reporter-output>
        </test-method> <!-- logintoActime -->
      </class> <!-- fb.opening -->
    </test> <!-- Default test -->
  </suite> <!-- Default suite -->
</testng-results>
